<?xml version="1.0" encoding="UTF-8" ?>
<testsuite errors="0" failures="0" hostname="dutradev" name="com.apprenda.integrations.urbancode.test.DeployAppTests" skipped="0" tests="9" time="1163.097" timestamp="2015-11-05T20:38:52">
  <properties>
    <property name="java.vendor" value="Oracle Corporation" />
    <property name="lib.dir" value="C:\Users\cdutra\Documents\Integrations Codebase\Urbancode/lib" />
    <property name="net.sf.json-lib:json-lib:jar:jdk15" value="C:\Users\cdutra\.m2\repository\net\sf\json-lib\json-lib\2.3\json-lib-2.3-jdk15.jar" />
    <property name="sun.java.launcher" value="SUN_STANDARD" />
    <property name="eclipse.pdebuild.templates" value="/C:/Users/cdutra/eclipse/java-mars/eclipse/../../../.p2/pool/plugins/org.eclipse.pde.build_3.9.100.v20150521-1524/templates/" />
    <property name="sun.management.compiler" value="HotSpot 64-Bit Tiered Compilers" />
    <property name="os.name" value="Windows 8.1" />
    <property name="sun.boot.class.path" value="C:\Program Files\Java\jre1.8.0_60\lib\resources.jar;C:\Program Files\Java\jre1.8.0_60\lib\rt.jar;C:\Program Files\Java\jre1.8.0_60\lib\sunrsasign.jar;C:\Program Files\Java\jre1.8.0_60\lib\jsse.jar;C:\Program Files\Java\jre1.8.0_60\lib\jce.jar;C:\Program Files\Java\jre1.8.0_60\lib\charsets.jar;C:\Program Files\Java\jre1.8.0_60\lib\jfr.jar;C:\Program Files\Java\jre1.8.0_60\classes" />
    <property name="TODAY" value="November 5 2015" />
    <property name="org.apache.httpcomponents:httpcore:jar" value="C:\Users\cdutra\.m2\repository\org\apache\httpcomponents\httpcore\4.2.1\httpcore-4.2.1.jar" />
    <property name="scripts.dir" value="C:\Users\cdutra\Documents\Integrations Codebase\Urbancode/scripts" />
    <property name="sun.desktop" value="windows" />
    <property name="build.properties" value="build.properties" />
    <property name="java.vm.specification.vendor" value="Oracle Corporation" />
    <property name="ant.home" value="C:\Users\cdutra\.p2\pool\plugins\org.apache.ant_1.9.4.v201504302020" />
    <property name="java.runtime.version" value="1.8.0_60-b27" />
    <property name="user.name" value="cdutra" />
    <property name="org.spockframework:spock-core:jar" value="C:\Users\cdutra\.m2\repository\org\spockframework\spock-core\1.0-groovy-2.4\spock-core-1.0-groovy-2.4.jar" />
    <property name="plugin.dir" value="C:\Users\cdutra\Documents\Integrations Codebase\Urbancode/plugin" />
    <property name="commons-lang:commons-lang:jar" value="C:\Users\cdutra\.m2\repository\commons-lang\commons-lang\2.4\commons-lang-2.4.jar" />
    <property name="build.dir" value="C:\Users\cdutra\Documents\Integrations Codebase\Urbancode/build" />
    <property name="com.google.code.gson:gson:jar" value="C:\Users\cdutra\.m2\repository\com\google\code\gson\gson\2.2.4\gson-2.2.4.jar" />
    <property name="ant.file.type.UrbanCodeApprenda" value="file" />
    <property name="user.language" value="en" />
    <property name="net.sf.ezmorph:ezmorph:jar" value="C:\Users\cdutra\.m2\repository\net\sf\ezmorph\ezmorph\1.0.6\ezmorph-1.0.6.jar" />
    <property name="sun.boot.library.path" value="C:\Program Files\Java\jre1.8.0_60\bin" />
    <property name="deployPluginArchiveName" value="releases/ApprendaPlugin_v1.1.zip" />
    <property name="ant.project.default-target" value="main" />
    <property name="doc.dir" value="C:\Users\cdutra\Documents\Integrations Codebase\Urbancode/doc" />
    <property name="ant.project.name" value="UrbanCodeApprenda" />
    <property name="DSTAMP" value="20151105" />
    <property name="java.version" value="1.8.0_60" />
    <property name="user.timezone" value="" />
    <property name="org.hamcrest:hamcrest-core:jar" value="C:\Users\cdutra\.m2\repository\org\hamcrest\hamcrest-core\1.3\hamcrest-core-1.3.jar" />
    <property name="sun.arch.data.model" value="64" />
    <property name="java.endorsed.dirs" value="C:\Program Files\Java\jre1.8.0_60\lib\endorsed" />
    <property name="sun.cpu.isalist" value="amd64" />
    <property name="ant.file.UrbanCodeApprenda" value="C:\Users\cdutra\Documents\Integrations Codebase\Urbancode\build.xml" />
    <property name="sun.jnu.encoding" value="Cp1252" />
    <property name="file.encoding.pkg" value="sun.io" />
    <property name="file.separator" value="\" />
    <property name="java.specification.name" value="Java Platform API Specification" />
    <property name="org.apache.httpcomponents:httpclient:jar" value="C:\Users\cdutra\.m2\repository\org\apache\httpcomponents\httpclient\4.2.1\httpclient-4.2.1.jar" />
    <property name="clover.initstring" value="C:\Users\cdutra\Documents\Integrations Codebase\Urbancode\.clover\clover4_0_6.db" />
    <property name="java.class.version" value="52.0" />
    <property name="user.country" value="US" />
    <property name="java.home" value="C:\Program Files\Java\jre1.8.0_60" />
    <property name="xml-resolver:xml-resolver:jar" value="C:\Users\cdutra\.m2\repository\xml-resolver\xml-resolver\1.2\xml-resolver-1.2.jar" />
    <property name="java.vm.info" value="mixed mode" />
    <property name="ant.file" value="C:\Users\cdutra\Documents\Integrations Codebase\Urbancode\build.xml" />
    <property name="os.version" value="6.3" />
    <property name="commons-logging:commons-logging:jar" value="C:\Users\cdutra\.m2\repository\commons-logging\commons-logging\1.1.1\commons-logging-1.1.1.jar" />
    <property name="license.dir" value="C:\Users\cdutra\Documents\Integrations Codebase\Urbancode/license" />
    <property name="path.separator" value=";" />
    <property name="java.vm.version" value="25.60-b23" />
    <property name="user.variant" value="" />
    <property name="ant.library.dir" value="C:\Users\cdutra\.p2\pool\plugins\org.apache.ant_1.9.4.v201504302020\lib" />
    <property name="clover.jar" value="C:\Users\cdutra\Documents\clover-ant-4.0.6\clover-ant-4.0.6\lib\clover.jar" />
    <property name="java.awt.printerjob" value="sun.awt.windows.WPrinterJob" />
    <property name="org.ow2.asm:asm:jar" value="C:\Users\cdutra\.m2\repository\org\ow2\asm\asm\5.0.3\asm-5.0.3.jar" />
    <property name="sun.io.unicode.encoding" value="UnicodeLittle" />
    <property name="junit:junit:jar" value="C:\Users\cdutra\.m2\repository\junit\junit\4.12\junit-4.12.jar" />
    <property name="awt.toolkit" value="sun.awt.windows.WToolkit" />
    <property name="workspace" value="C:\Users\cdutra\Documents\Integrations Codebase" />
    <property name="user.script" value="" />
    <property name="maven.ant.tasks.url" value="http://mirror.sdunix.com/apache/maven/ant-tasks/2.1.3/binaries/maven-ant-tasks-2.1.3.jar" />
    <property name="eclipse.pdebuild.scripts" value="/C:/Users/cdutra/eclipse/java-mars/eclipse/../../../.p2/pool/plugins/org.eclipse.pde.build_3.9.100.v20150521-1524/scripts/" />
    <property name="user.home" value="C:\Users\cdutra" />
    <property name="org.codehaus.groovy:groovy-all:jar" value="C:\Users\cdutra\.m2\repository\org\codehaus\groovy\groovy-all\2.4.1\groovy-all-2.4.1.jar" />
    <property name="org.codehaus.groovy.modules.http-builder:http-builder:jar" value="C:\Users\cdutra\.m2\repository\org\codehaus\groovy\modules\http-builder\http-builder\0.7.1\http-builder-0.7.1.jar" />
    <property name="java.specification.vendor" value="Oracle Corporation" />
    <property name="java.vendor.url" value="http://java.oracle.com/" />
    <property name="java.library.path" value="C:\Program Files\Java\jre1.8.0_60\bin;C:\Windows\Sun\Java\bin;C:\Windows\system32;C:\Windows;C:/Program Files/Java/jre1.8.0_60/bin/server;C:/Program Files/Java/jre1.8.0_60/bin;C:/Program Files/Java/jre1.8.0_60/lib/amd64;C:\Python27\;C:\Python27\Scripts;C:\ProgramData\Oracle\Java\javapath;C:\Windows\system32;C:\Windows;C:\Windows\System32\Wbem;C:\Windows\System32\WindowsPowerShell\v1.0\;C:\Program Files (x86)\Shoreline Communications\ShoreWare Client\;C:\Program Files (x86)\Shoreline Communications\ShoreWare Client\win64;C:\Program Files\Lenovo\Fingerprint Manager Pro\;C:\ProgramData\chocolatey\bin;C:\Users\cdutra\AppData\Roaming\Boxstarter\Chocolatey\bin;C:\Program Files (x86)\Windows Kits\8.1\Windows Performance Toolkit\;C:\Program Files\Microsoft SQL Server\110\Tools\Binn\;C:\Program Files (x86)\Microsoft ASP.NET\ASP.NET Web Pages\v1.0\;C:\Program Files\TortoiseHg\;C:\Program Files\Mercurial;C:\Program Files (x86)\Microsoft SQL Server\110\Tools\Binn\;C:\Program Files\Microsoft SQL Server\110\DTS\Binn\;C:\Program Files (x86)\Microsoft SQL Server\110\Tools\Binn\ManagementStudio\;C:\Program Files (x86)\Microsoft Visual Studio 10.0\Common7\IDE\PrivateAssemblies\;C:\Program Files (x86)\Microsoft SQL Server\110\DTS\Binn\;C:\Program Files\Microsoft\Web Platform Installer\;C:\Program Files\Java\jdk1.6.0_45\bin;C:\Windows\Microsoft.NET\Framework\v4.0.30319;C:\Program Files (x86)\Microsoft SDKs\Windows\v8.1A\bin\NETFX 4.5.1 Tools\;C:\Program Files\nodejs\;C:\Program Files (x86)\Skype\Phone\;C:\Program Files (x86)\Microsoft SDKs\TypeScript\1.0\;C:\Program Files\Microsoft SQL Server\120\Tools\Binn\;C:\Program Files (x86)\Brackets\command;C:\Program Files (x86)\CloudFoundry;C:\Program Files\Intel\WiFi\bin\;C:\Program Files\Common Files\Intel\WirelessCommon\;C:\Program Files (x86)\Apprenda\Tools\ACS\;;C:\Users\cdutra\AppData\Roaming\Boxstarter;C:\Program Files\Mercurial\;C:\Users\cdutra\AppData\Roaming\npm;C:\Program Files\Intel\WiFi\bin\;C:\Program Files\Common Files\Intel\WirelessCommon\;C:\Windows\system32;;." />
    <property name="maven.ant.tasks.jar" value="C:\Users\cdutra\Documents\Integrations Codebase\Urbancode/testlib/maven-ant-tasks-2.1.3.jar" />
    <property name="java.vm.vendor" value="Oracle Corporation" />
    <property name="bin.dir" value="C:\Users\cdutra\Documents\Integrations Codebase\Urbancode/bin" />
    <property name="java.runtime.name" value="Java(TM) SE Runtime Environment" />
    <property name="org.objenesis:objenesis:jar" value="C:\Users\cdutra\.m2\repository\org\objenesis\objenesis\2.1\objenesis-2.1.jar" />
    <property name="ant.version" value="Apache Ant(TM) version 1.9.4 compiled on April 29 2014" />
    <property name="sun.java.command" value="org.apache.tools.ant.taskdefs.optional.junit.JUnitTestRunner testsfile=C:\Users\cdutra\Documents\Integrations Codebase\Urbancode\junittestcases6596169503298624109.properties skipNonTests=false filtertrace=true haltOnError=false haltOnFailure=false showoutput=false outputtoformatters=true logfailedtests=true threadid=0 logtestlistenerevents=false formatter=org.apache.tools.ant.taskdefs.optional.junit.XMLJUnitResultFormatter,C:\Users\cdutra\Documents\Integrations Codebase\Urbancode\IGNORETHIS.xml crashfile=C:\Users\cdutra\Documents\Integrations Codebase\Urbancode\junitvmwatcher2975430974109007403.properties propsfile=C:\Users\cdutra\Documents\Integrations Codebase\Urbancode\junit4054523933277633367.properties" />
    <property name="java.class.path" value="C:\Users\cdutra\Documents\Integrations Codebase\Urbancode\build;C:\Users\cdutra\Documents\clover-ant-4.0.6\clover-ant-4.0.6\lib\clover.jar;C:\Users\cdutra\.m2\repository\org\spockframework\spock-core\1.0-groovy-2.4\spock-core-1.0-groovy-2.4.jar;C:\Users\cdutra\.m2\repository\org\codehaus\groovy\groovy-all\2.4.1\groovy-all-2.4.1.jar;C:\Users\cdutra\.m2\repository\junit\junit\4.12\junit-4.12.jar;C:\Users\cdutra\.m2\repository\org\hamcrest\hamcrest-core\1.3\hamcrest-core-1.3.jar;C:\Users\cdutra\.m2\repository\cglib\cglib-nodep\3.1\cglib-nodep-3.1.jar;C:\Users\cdutra\.m2\repository\org\objenesis\objenesis\2.1\objenesis-2.1.jar;C:\Users\cdutra\.m2\repository\org\ow2\asm\asm\5.0.3\asm-5.0.3.jar;C:\Users\cdutra\.m2\repository\com\google\code\gson\gson\2.2.4\gson-2.2.4.jar;C:\Users\cdutra\.m2\repository\org\codehaus\groovy\modules\http-builder\http-builder\0.7.1\http-builder-0.7.1.jar;C:\Users\cdutra\.m2\repository\org\apache\httpcomponents\httpclient\4.2.1\httpclient-4.2.1.jar;C:\Users\cdutra\.m2\repository\org\apache\httpcomponents\httpcore\4.2.1\httpcore-4.2.1.jar;C:\Users\cdutra\.m2\repository\commons-logging\commons-logging\1.1.1\commons-logging-1.1.1.jar;C:\Users\cdutra\.m2\repository\commons-codec\commons-codec\1.6\commons-codec-1.6.jar;C:\Users\cdutra\.m2\repository\net\sf\json-lib\json-lib\2.3\json-lib-2.3-jdk15.jar;C:\Users\cdutra\.m2\repository\commons-beanutils\commons-beanutils\1.8.0\commons-beanutils-1.8.0.jar;C:\Users\cdutra\.m2\repository\commons-collections\commons-collections\3.2.1\commons-collections-3.2.1.jar;C:\Users\cdutra\.m2\repository\commons-lang\commons-lang\2.4\commons-lang-2.4.jar;C:\Users\cdutra\.m2\repository\net\sf\ezmorph\ezmorph\1.0.6\ezmorph-1.0.6.jar;C:\Users\cdutra\.m2\repository\net\sourceforge\nekohtml\nekohtml\1.9.16\nekohtml-1.9.16.jar;C:\Users\cdutra\.m2\repository\xerces\xercesImpl\2.9.1\xercesImpl-2.9.1.jar;C:\Users\cdutra\.m2\repository\xml-apis\xml-apis\1.3.04\xml-apis-1.3.04.jar;C:\Users\cdutra\.m2\repository\xml-resolver\xml-resolver\1.2\xml-resolver-1.2.jar;C:\Users\cdutra\.p2\pool\plugins\org.apache.ant_1.9.4.v201504302020\lib\ant-launcher.jar;C:\Users\cdutra\.p2\pool\plugins\org.apache.ant_1.9.4.v201504302020\lib\ant.jar;C:\Users\cdutra\.p2\pool\plugins\org.apache.ant_1.9.4.v201504302020\lib\ant-junit.jar;C:\Users\cdutra\.p2\pool\plugins\org.apache.ant_1.9.4.v201504302020\lib\ant-junit4.jar" />
    <property name="example" value="C:\Users\cdutra\Documents\Integrations Codebase\Urbancode" />
    <property name="TSTAMP" value="1533" />
    <property name="java.vm.specification.name" value="Java Virtual Machine Specification" />
    <property name="maven.ant.tasks.jar.exists" value="true" />
    <property name="java.vm.specification.version" value="1.8" />
    <property name="net.sourceforge.nekohtml:nekohtml:jar" value="C:\Users\cdutra\.m2\repository\net\sourceforge\nekohtml\nekohtml\1.9.16\nekohtml-1.9.16.jar" />
    <property name="sun.os.patch.level" value="" />
    <property name="sun.cpu.endian" value="little" />
    <property name="java.io.tmpdir" value="C:\Users\cdutra\AppData\Local\Temp\" />
    <property name="eclipse.pdebuild.home" value="/C:/Users/cdutra/eclipse/java-mars/eclipse/../../../.p2/pool/plugins/org.eclipse.pde.build_3.9.100.v20150521-1524/./" />
    <property name="cglib:cglib-nodep:jar" value="C:\Users\cdutra\.m2\repository\cglib\cglib-nodep\3.1\cglib-nodep-3.1.jar" />
    <property name="java.vendor.url.bug" value="http://bugreport.sun.com/bugreport/" />
    <property name="clover.license.path" value="C:\Users\cdutra\eclipse\java-mars\eclipse\..\..\..\.p2\pool\plugins\com.atlassian.clover.eclipse.ant_4.0.6.v20150918000000\clover.license" />
    <property name="java.awt.graphicsenv" value="sun.awt.Win32GraphicsEnvironment" />
    <property name="os.arch" value="amd64" />
    <property name="clover.jarpath" value="C:\Users\cdutra\.p2\pool\plugins\com.atlassian.clover.eclipse.ant_4.0.6.v20150918000000\clover-eclipse-ant.jar" />
    <property name="java.ext.dirs" value="C:\Program Files\Java\jre1.8.0_60\lib\ext;C:\Windows\Sun\Java\lib\ext" />
    <property name="user.dir" value="C:\Users\cdutra\Documents\Integrations Codebase\Urbancode" />
    <property name="project" value="" />
    <property name="line.separator" value="&#xd;&#xa;" />
    <property name="java.vm.name" value="Java HotSpot(TM) 64-Bit Server VM" />
    <property name="commons-codec:commons-codec:jar" value="C:\Users\cdutra\.m2\repository\commons-codec\commons-codec\1.6\commons-codec-1.6.jar" />
    <property name="commons-beanutils:commons-beanutils:jar" value="C:\Users\cdutra\.m2\repository\commons-beanutils\commons-beanutils\1.8.0\commons-beanutils-1.8.0.jar" />
    <property name="basedir" value="C:\Users\cdutra\Documents\Integrations Codebase\Urbancode" />
    <property name="ant.java.version" value="1.8" />
    <property name="ant.core.lib" value="C:\Users\cdutra\.p2\pool\plugins\org.apache.ant_1.9.4.v201504302020\lib\ant.jar" />
    <property name="xml-apis:xml-apis:jar" value="C:\Users\cdutra\.m2\repository\xml-apis\xml-apis\1.3.04\xml-apis-1.3.04.jar" />
    <property name="imports.dir" value="C:\Users\cdutra\Documents\Integrations Codebase\Urbancode/imports" />
    <property name="file.encoding" value="Cp1252" />
    <property name="build.compiler" value="com.atlassian.clover.ant.taskdefs.CloverCompilerAdapter" />
    <property name="xerces:xercesImpl:jar" value="C:\Users\cdutra\.m2\repository\xerces\xercesImpl\2.9.1\xercesImpl-2.9.1.jar" />
    <property name="java.specification.version" value="1.8" />
    <property name="src.dir" value="C:\Users\cdutra\Documents\Integrations Codebase\Urbancode/src" />
    <property name="ant.project.invoked-targets" value="clean,with.clover,test,clover.html" />
    <property name="commons-collections:commons-collections:jar" value="C:\Users\cdutra\.m2\repository\commons-collections\commons-collections\3.2.1\commons-collections-3.2.1.jar" />
  </properties>
  <testcase classname="com.apprenda.integrations.urbancode.test.DeployAppTests" name="Test1vDefinition" time="10.112" />
  <testcase classname="com.apprenda.integrations.urbancode.test.DeployAppTests" name="Test1vSandbox" time="59.241" />
  <testcase classname="com.apprenda.integrations.urbancode.test.DeployAppTests" name="Test1vPublished" time="100.716" />
  <testcase classname="com.apprenda.integrations.urbancode.test.DeployAppTests" name="Test2vOnePublishedOneDefinition" time="157.567" />
  <testcase classname="com.apprenda.integrations.urbancode.test.DeployAppTests" name="Test2vOnePublishedOneSandbox" time="190.194" />
  <testcase classname="com.apprenda.integrations.urbancode.test.DeployAppTests" name="Test3vOnePublished2Definition" time="136.091" />
  <testcase classname="com.apprenda.integrations.urbancode.test.DeployAppTests" name="Test3vOneOfEach" time="173.172" />
  <testcase classname="com.apprenda.integrations.urbancode.test.DeployAppTests" name="Test3vOnePublished2Sandbox" time="266.514" />
  <testcase classname="com.apprenda.integrations.urbancode.test.DeployAppTests" name="TestFailureCase1" time="0.011" />
  <system-out><![CDATA[201
null
200
[messages:[], success:true, title:Upload Results]
[alias:uc1, allocatedStorageMb:0, applicationServices:None, cloud:null, currentVersion:[alias:v1, application:[href:https://apps.apprenda.heineken/developer/api/v1/apps/uc1], description:null, enableSessionReplication:null, enableSslEnforcement:null, enableStickySessions:null, href:https://apps.apprenda.heineken/developer/api/v1/versions/uc1/v1, loadBalancerUrlConfiguration:null, name:Version 1, stage:Definition, state:Stopped], customAuthenticationStyleUrl:null, customInvoiceStyleUrl:null, customUrl:null, databaseModelType:Isolated, databaseProvider:SqlServer, dbAllocatedCpuMhz:0, dbAllocatedMemoryMb:0, description:Created by Apprenda|UrbanCode Deploy, href:https://apps.apprenda.heineken/developer/api/v1/apps/uc1, linuxServiceAllocatedCpuMhz:0, linuxServiceAllocatedMemoryMb:0, name:uc1, paymentOptions:Automatic, pipelineMode:Integrated, svcAllocatedCpuMhz:0, svcAllocatedMemoryMb:0, uiAllocatedCpuMhz:0, uiAllocatedMemoryMb:0, userInterfaceType:CommingledRootApp, versions:[href:https://apps.apprenda.heineken/developer/api/v1/versions/uc1], warAllocatedCpuMhz:0, warAllocatedMemoryMb:0]
201
null
200
[messages:[], success:true, title:Upload Results]
200
[sections:[[messages:[], success:true, title:Results], [messages:[[message:Verified valid application status, severity:Information], [message:Verified at least one plan has been defined, severity:Information], [message:Verified the alias for the application, severity:Information], [message:Successfully completed publishing validation, severity:Information]], success:true, title:Validation Results], [messages:[], success:true, title:Metadata Extraction Results], [messages:[[message:Skipped creation of data model since no SQL scripts were found, severity:Information]], success:true, title:Data Model Deployment Results], [messages:[[message:Extracted private UI model., severity:Information], [message:Successfully extracted application metadata, severity:Information]], success:true, title:Metadata Extraction Results], [messages:[[message:Files for uc2--v1 exist and are properly configured., severity:Information], [message:Sites for uc2--v1 exist and are properly configured., severity:Information], [message:Successfully deployed 1 partition., severity:Information]], success:true, title:Ensuring instance counts], [messages:[[message:Created subscriptions for all plans, severity:Information]], success:true, title:Subscriptions], [messages:[[message:Application Tenant Onboarded, severity:Information]], success:true, title:Configuring Application Tenant]], success:true]
[alias:uc2, allocatedStorageMb:0, applicationServices:None, cloud:null, currentVersion:[alias:v1, application:[href:https://apps.apprenda.heineken/developer/api/v1/apps/uc2], description:null, enableSessionReplication:null, enableSslEnforcement:null, enableStickySessions:null, href:https://apps.apprenda.heineken/developer/api/v1/versions/uc2/v1, loadBalancerUrlConfiguration:null, name:Version 1, stage:Sandbox, state:Running], customAuthenticationStyleUrl:null, customInvoiceStyleUrl:null, customUrl:null, databaseModelType:Isolated, databaseProvider:SqlServer, dbAllocatedCpuMhz:0, dbAllocatedMemoryMb:0, description:Created by Apprenda|UrbanCode Deploy, href:https://apps.apprenda.heineken/developer/api/v1/apps/uc2, linuxServiceAllocatedCpuMhz:0, linuxServiceAllocatedMemoryMb:0, name:uc2, paymentOptions:Automatic, pipelineMode:Integrated, svcAllocatedCpuMhz:0, svcAllocatedMemoryMb:0, uiAllocatedCpuMhz:250, uiAllocatedMemoryMb:300, userInterfaceType:CommingledRootApp, versions:[href:https://apps.apprenda.heineken/developer/api/v1/versions/uc2], warAllocatedCpuMhz:0, warAllocatedMemoryMb:0]
201
null
200
[messages:[], success:true, title:Upload Results]
200
[sections:[[messages:[], success:true, title:Results], [messages:[[message:Verified valid application status, severity:Information], [message:Verified at least one plan has been defined, severity:Information], [message:Verified the alias for the application, severity:Information], [message:Successfully completed publishing validation, severity:Information]], success:true, title:Validation Results], [messages:[], success:true, title:Metadata Extraction Results], [messages:[[message:Skipped creation of data model since no SQL scripts were found, severity:Information]], success:true, title:Data Model Deployment Results], [messages:[[message:Extracted private UI model., severity:Information], [message:Successfully extracted application metadata, severity:Information]], success:true, title:Metadata Extraction Results], [messages:[[message:Files for uc3--v1 exist and are properly configured., severity:Information], [message:Sites for uc3--v1 exist and are properly configured., severity:Information], [message:Successfully deployed 1 partition., severity:Information]], success:true, title:Ensuring instance counts], [messages:[[message:Created subscriptions for all plans, severity:Information]], success:true, title:Subscriptions], [messages:[[message:Application Tenant Onboarded, severity:Information]], success:true, title:Configuring Application Tenant]], success:true]
200
[sections:[[messages:[], success:true, title:Results], [messages:[[message:Verified valid application status, severity:Information], [message:Verified at least one plan has been defined, severity:Information], [message:Verified the alias for the application, severity:Information], [message:Successfully completed publishing validation, severity:Information]], success:true, title:Validation Results], [messages:[[message:All sites and AppPools for uc3--v1 have been removed., severity:Information], [message:Meta data describing your version has been purged successfully., severity:Information], [message:The data model was purged successfully., severity:Information], [message:Auxilliary support components were successfully removed., severity:Information]], success:true, title:Results of Cleaning Up Published Instance], [messages:[], success:true, title:Metadata Extraction Results], [messages:[[message:Skipped creation of data model since no SQL scripts were found, severity:Information]], success:true, title:Data Model Deployment Results], [messages:[[message:Extracted private UI model., severity:Information], [message:Successfully extracted application metadata, severity:Information]], success:true, title:Metadata Extraction Results], [messages:[[message:Files for uc3 exist and are properly configured., severity:Information], [message:Sites for uc3 exist and are properly configured., severity:Information], [message:Successfully deployed 1 partition., severity:Information]], success:true, title:Ensuring instance counts], [messages:[[message:Successfully created application tenant, severity:Information], [message:Application Tenant Onboarded, severity:Information]], success:true, title:Configuring Application Tenant]], success:true]
[alias:uc3, allocatedStorageMb:0, applicationServices:None, cloud:null, currentVersion:[alias:v1, application:[href:https://apps.apprenda.heineken/developer/api/v1/apps/uc3], description:null, enableSessionReplication:null, enableSslEnforcement:null, enableStickySessions:null, href:https://apps.apprenda.heineken/developer/api/v1/versions/uc3/v1, loadBalancerUrlConfiguration:null, name:Version 1, stage:Published, state:Running], customAuthenticationStyleUrl:null, customInvoiceStyleUrl:null, customUrl:null, databaseModelType:Isolated, databaseProvider:SqlServer, dbAllocatedCpuMhz:0, dbAllocatedMemoryMb:0, description:Created by Apprenda|UrbanCode Deploy, href:https://apps.apprenda.heineken/developer/api/v1/apps/uc3, linuxServiceAllocatedCpuMhz:0, linuxServiceAllocatedMemoryMb:0, name:uc3, paymentOptions:Automatic, pipelineMode:Integrated, svcAllocatedCpuMhz:0, svcAllocatedMemoryMb:0, uiAllocatedCpuMhz:250, uiAllocatedMemoryMb:300, userInterfaceType:CommingledRootApp, versions:[href:https://apps.apprenda.heineken/developer/api/v1/versions/uc3], warAllocatedCpuMhz:0, warAllocatedMemoryMb:0]
DEBUG: oldVerNo: 1 newVerNo: 1
[[alias:v1, application:[href:https://apps.apprenda.heineken/developer/api/v1/apps/uc3], description:null, enableSessionReplication:false, enableSslEnforcement:false, enableStickySessions:true, href:https://apps.apprenda.heineken/developer/api/v1/versions/uc3/v1, loadBalancerUrlConfiguration:Preserve, name:Version 1, stage:Published, state:Running]]
201
null
200
[messages:[], success:true, title:Upload Results]
200
[sections:[[messages:[], success:true, title:Results], [messages:[[message:Verified valid application status, severity:Information], [message:Verified at least one plan has been defined, severity:Information], [message:Verified the alias for the application, severity:Information], [message:Successfully completed publishing validation, severity:Information]], success:true, title:Validation Results], [messages:[], success:true, title:Metadata Extraction Results], [messages:[[message:Skipped creation of data model since no SQL scripts were found, severity:Information]], success:true, title:Data Model Deployment Results], [messages:[[message:Extracted private UI model., severity:Information], [message:Successfully extracted application metadata, severity:Information]], success:true, title:Metadata Extraction Results], [messages:[[message:Files for uc4--v1 exist and are properly configured., severity:Information], [message:Sites for uc4--v1 exist and are properly configured., severity:Information], [message:Successfully deployed 1 partition., severity:Information]], success:true, title:Ensuring instance counts], [messages:[[message:Created subscriptions for all plans, severity:Information]], success:true, title:Subscriptions], [messages:[[message:Application Tenant Onboarded, severity:Information]], success:true, title:Configuring Application Tenant]], success:true]
200
[sections:[[messages:[], success:true, title:Results], [messages:[[message:Verified valid application status, severity:Information], [message:Verified at least one plan has been defined, severity:Information], [message:Verified the alias for the application, severity:Information], [message:Successfully completed publishing validation, severity:Information]], success:true, title:Validation Results], [messages:[[message:All sites and AppPools for uc4--v1 have been removed., severity:Information], [message:Meta data describing your version has been purged successfully., severity:Information], [message:The data model was purged successfully., severity:Information], [message:Auxilliary support components were successfully removed., severity:Information]], success:true, title:Results of Cleaning Up Published Instance], [messages:[], success:true, title:Metadata Extraction Results], [messages:[[message:Skipped creation of data model since no SQL scripts were found, severity:Information]], success:true, title:Data Model Deployment Results], [messages:[[message:Extracted private UI model., severity:Information], [message:Successfully extracted application metadata, severity:Information]], success:true, title:Metadata Extraction Results], [messages:[[message:Files for uc4 exist and are properly configured., severity:Information], [message:Sites for uc4 exist and are properly configured., severity:Information], [message:Successfully deployed 1 partition., severity:Information]], success:true, title:Ensuring instance counts], [messages:[[message:Successfully created application tenant, severity:Information], [message:Application Tenant Onboarded, severity:Information]], success:true, title:Configuring Application Tenant]], success:true]
DEBUG: newVersion status code: 201
DEBUG: newVersion response data: null
200
[messages:[], success:true, title:Upload Results]
[alias:uc4, allocatedStorageMb:0, applicationServices:None, cloud:null, currentVersion:[alias:v1, application:[href:https://apps.apprenda.heineken/developer/api/v1/apps/uc4], description:null, enableSessionReplication:null, enableSslEnforcement:null, enableStickySessions:null, href:https://apps.apprenda.heineken/developer/api/v1/versions/uc4/v1, loadBalancerUrlConfiguration:null, name:Version 1, stage:Published, state:Running], customAuthenticationStyleUrl:null, customInvoiceStyleUrl:null, customUrl:null, databaseModelType:Isolated, databaseProvider:SqlServer, dbAllocatedCpuMhz:0, dbAllocatedMemoryMb:0, description:Created by Apprenda|UrbanCode Deploy, href:https://apps.apprenda.heineken/developer/api/v1/apps/uc4, linuxServiceAllocatedCpuMhz:0, linuxServiceAllocatedMemoryMb:0, name:uc4, paymentOptions:Automatic, pipelineMode:Integrated, svcAllocatedCpuMhz:0, svcAllocatedMemoryMb:0, uiAllocatedCpuMhz:250, uiAllocatedMemoryMb:300, userInterfaceType:CommingledRootApp, versions:[href:https://apps.apprenda.heineken/developer/api/v1/versions/uc4], warAllocatedCpuMhz:0, warAllocatedMemoryMb:0]
DEBUG: oldVerNo: 1 newVerNo: 1
[[alias:v1, application:[href:https://apps.apprenda.heineken/developer/api/v1/apps/uc4], description:null, enableSessionReplication:false, enableSslEnforcement:false, enableStickySessions:true, href:https://apps.apprenda.heineken/developer/api/v1/versions/uc4/v1, loadBalancerUrlConfiguration:Preserve, name:Version 1, stage:Published, state:Running], [alias:v2, application:[href:https://apps.apprenda.heineken/developer/api/v1/apps/uc4], description:null, enableSessionReplication:false, enableSslEnforcement:false, enableStickySessions:true, href:https://apps.apprenda.heineken/developer/api/v1/versions/uc4/v2, loadBalancerUrlConfiguration:Preserve, name:Version v2 - created by Urbancode, stage:Definition, state:Stopped]]
DEBUG: After iteration:  newVerNo: 2 newVerStage: Definition
DEBUG: After iteration:  newVersionRequired: false
201
null
200
[messages:[], success:true, title:Upload Results]
200
[sections:[[messages:[], success:true, title:Results], [messages:[[message:Verified valid application status, severity:Information], [message:Verified at least one plan has been defined, severity:Information], [message:Verified the alias for the application, severity:Information], [message:Successfully completed publishing validation, severity:Information]], success:true, title:Validation Results], [messages:[], success:true, title:Metadata Extraction Results], [messages:[[message:Skipped creation of data model since no SQL scripts were found, severity:Information]], success:true, title:Data Model Deployment Results], [messages:[[message:Extracted private UI model., severity:Information], [message:Successfully extracted application metadata, severity:Information]], success:true, title:Metadata Extraction Results], [messages:[[message:Files for uc5--v1 exist and are properly configured., severity:Information], [message:Sites for uc5--v1 exist and are properly configured., severity:Information], [message:Successfully deployed 1 partition., severity:Information]], success:true, title:Ensuring instance counts], [messages:[[message:Created subscriptions for all plans, severity:Information]], success:true, title:Subscriptions], [messages:[[message:Application Tenant Onboarded, severity:Information]], success:true, title:Configuring Application Tenant]], success:true]
200
[sections:[[messages:[], success:true, title:Results], [messages:[[message:Verified valid application status, severity:Information], [message:Verified at least one plan has been defined, severity:Information], [message:Verified the alias for the application, severity:Information], [message:Successfully completed publishing validation, severity:Information]], success:true, title:Validation Results], [messages:[[message:All sites and AppPools for uc5--v1 have been removed., severity:Information], [message:Meta data describing your version has been purged successfully., severity:Information], [message:The data model was purged successfully., severity:Information], [message:Auxilliary support components were successfully removed., severity:Information]], success:true, title:Results of Cleaning Up Published Instance], [messages:[], success:true, title:Metadata Extraction Results], [messages:[[message:Skipped creation of data model since no SQL scripts were found, severity:Information]], success:true, title:Data Model Deployment Results], [messages:[[message:Extracted private UI model., severity:Information], [message:Successfully extracted application metadata, severity:Information]], success:true, title:Metadata Extraction Results], [messages:[[message:Files for uc5 exist and are properly configured., severity:Information], [message:Sites for uc5 exist and are properly configured., severity:Information], [message:Successfully deployed 1 partition., severity:Information]], success:true, title:Ensuring instance counts], [messages:[[message:Successfully created application tenant, severity:Information], [message:Application Tenant Onboarded, severity:Information]], success:true, title:Configuring Application Tenant]], success:true]
DEBUG: newVersion status code: 201
DEBUG: newVersion response data: null
200
[messages:[], success:true, title:Upload Results]
200
[sections:[[messages:[], success:true, title:Results], [messages:[[message:Verified valid application status, severity:Information], [message:Verified at least one plan has been defined, severity:Information], [message:Verified the alias for the application, severity:Information], [message:Successfully completed publishing validation, severity:Information]], success:true, title:Validation Results], [messages:[], success:true, title:Patch Promotion Results], [messages:[], success:true, title:Metadata Extraction Results], [messages:[[message:Skipped creation of data model since no SQL scripts were found, severity:Information]], success:true, title:Data Model Deployment Results], [messages:[[message:Extracted private UI model., severity:Information], [message:Successfully extracted application metadata, severity:Information]], success:true, title:Metadata Extraction Results], [messages:[[message:Files for uc5--v2 exist and are properly configured., severity:Information], [message:Sites for uc5--v2 exist and are properly configured., severity:Information], [message:Successfully deployed 1 partition., severity:Information]], success:true, title:Ensuring instance counts], [messages:[[message:Created subscriptions for all plans, severity:Information]], success:true, title:Subscriptions], [messages:[[message:Application Tenant Onboarded, severity:Information]], success:true, title:Configuring Application Tenant]], success:true]
[alias:uc5, allocatedStorageMb:0, applicationServices:None, cloud:null, currentVersion:[alias:v1, application:[href:https://apps.apprenda.heineken/developer/api/v1/apps/uc5], description:null, enableSessionReplication:null, enableSslEnforcement:null, enableStickySessions:null, href:https://apps.apprenda.heineken/developer/api/v1/versions/uc5/v1, loadBalancerUrlConfiguration:null, name:Version 1, stage:Published, state:Running], customAuthenticationStyleUrl:null, customInvoiceStyleUrl:null, customUrl:null, databaseModelType:Isolated, databaseProvider:SqlServer, dbAllocatedCpuMhz:0, dbAllocatedMemoryMb:0, description:Created by Apprenda|UrbanCode Deploy, href:https://apps.apprenda.heineken/developer/api/v1/apps/uc5, linuxServiceAllocatedCpuMhz:0, linuxServiceAllocatedMemoryMb:0, name:uc5, paymentOptions:Automatic, pipelineMode:Integrated, svcAllocatedCpuMhz:0, svcAllocatedMemoryMb:0, uiAllocatedCpuMhz:500, uiAllocatedMemoryMb:600, userInterfaceType:CommingledRootApp, versions:[href:https://apps.apprenda.heineken/developer/api/v1/versions/uc5], warAllocatedCpuMhz:0, warAllocatedMemoryMb:0]
DEBUG: oldVerNo: 1 newVerNo: 1
[[alias:v2, application:[href:https://apps.apprenda.heineken/developer/api/v1/apps/uc5], description:null, enableSessionReplication:false, enableSslEnforcement:false, enableStickySessions:true, href:https://apps.apprenda.heineken/developer/api/v1/versions/uc5/v2, loadBalancerUrlConfiguration:Preserve, name:Version v2 - created by Urbancode, stage:Sandbox, state:Running], [alias:v1, application:[href:https://apps.apprenda.heineken/developer/api/v1/apps/uc5], description:null, enableSessionReplication:false, enableSslEnforcement:false, enableStickySessions:true, href:https://apps.apprenda.heineken/developer/api/v1/versions/uc5/v1, loadBalancerUrlConfiguration:Preserve, name:Version 1, stage:Published, state:Running]]
DEBUG: After iteration:  newVerNo: 2 newVerStage: Sandbox
DEBUG: After iteration:  newVersionRequired: false
201
null
200
[messages:[], success:true, title:Upload Results]
200
[sections:[[messages:[], success:true, title:Results], [messages:[[message:Verified valid application status, severity:Information], [message:Verified at least one plan has been defined, severity:Information], [message:Verified the alias for the application, severity:Information], [message:Successfully completed publishing validation, severity:Information]], success:true, title:Validation Results], [messages:[], success:true, title:Metadata Extraction Results], [messages:[[message:Skipped creation of data model since no SQL scripts were found, severity:Information]], success:true, title:Data Model Deployment Results], [messages:[[message:Extracted private UI model., severity:Information], [message:Successfully extracted application metadata, severity:Information]], success:true, title:Metadata Extraction Results], [messages:[[message:Files for uc6--v1 exist and are properly configured., severity:Information], [message:Sites for uc6--v1 exist and are properly configured., severity:Information], [message:Successfully deployed 1 partition., severity:Information]], success:true, title:Ensuring instance counts], [messages:[[message:Created subscriptions for all plans, severity:Information]], success:true, title:Subscriptions], [messages:[[message:Application Tenant Onboarded, severity:Information]], success:true, title:Configuring Application Tenant]], success:true]
200
[sections:[[messages:[], success:true, title:Results], [messages:[[message:Verified valid application status, severity:Information], [message:Verified at least one plan has been defined, severity:Information], [message:Verified the alias for the application, severity:Information], [message:Successfully completed publishing validation, severity:Information]], success:true, title:Validation Results], [messages:[[message:All sites and AppPools for uc6--v1 have been removed., severity:Information], [message:Meta data describing your version has been purged successfully., severity:Information], [message:The data model was purged successfully., severity:Information], [message:Auxilliary support components were successfully removed., severity:Information]], success:true, title:Results of Cleaning Up Published Instance], [messages:[], success:true, title:Metadata Extraction Results], [messages:[[message:Skipped creation of data model since no SQL scripts were found, severity:Information]], success:true, title:Data Model Deployment Results], [messages:[[message:Extracted private UI model., severity:Information], [message:Successfully extracted application metadata, severity:Information]], success:true, title:Metadata Extraction Results], [messages:[[message:Files for uc6 exist and are properly configured., severity:Information], [message:Sites for uc6 exist and are properly configured., severity:Information], [message:Successfully deployed 1 partition., severity:Information]], success:true, title:Ensuring instance counts], [messages:[[message:Successfully created application tenant, severity:Information], [message:Application Tenant Onboarded, severity:Information]], success:true, title:Configuring Application Tenant]], success:true]
DEBUG: newVersion status code: 201
DEBUG: newVersion response data: null
200
[messages:[], success:true, title:Upload Results]
DEBUG: newVersion status code: 201
DEBUG: newVersion response data: null
200
[messages:[], success:true, title:Upload Results]
[alias:uc6, allocatedStorageMb:0, applicationServices:None, cloud:null, currentVersion:[alias:v1, application:[href:https://apps.apprenda.heineken/developer/api/v1/apps/uc6], description:null, enableSessionReplication:null, enableSslEnforcement:null, enableStickySessions:null, href:https://apps.apprenda.heineken/developer/api/v1/versions/uc6/v1, loadBalancerUrlConfiguration:null, name:Version 1, stage:Published, state:Running], customAuthenticationStyleUrl:null, customInvoiceStyleUrl:null, customUrl:null, databaseModelType:Isolated, databaseProvider:SqlServer, dbAllocatedCpuMhz:0, dbAllocatedMemoryMb:0, description:Created by Apprenda|UrbanCode Deploy, href:https://apps.apprenda.heineken/developer/api/v1/apps/uc6, linuxServiceAllocatedCpuMhz:0, linuxServiceAllocatedMemoryMb:0, name:uc6, paymentOptions:Automatic, pipelineMode:Integrated, svcAllocatedCpuMhz:0, svcAllocatedMemoryMb:0, uiAllocatedCpuMhz:250, uiAllocatedMemoryMb:300, userInterfaceType:CommingledRootApp, versions:[href:https://apps.apprenda.heineken/developer/api/v1/versions/uc6], warAllocatedCpuMhz:0, warAllocatedMemoryMb:0]
DEBUG: oldVerNo: 1 newVerNo: 1
[[alias:v1, application:[href:https://apps.apprenda.heineken/developer/api/v1/apps/uc6], description:null, enableSessionReplication:false, enableSslEnforcement:false, enableStickySessions:true, href:https://apps.apprenda.heineken/developer/api/v1/versions/uc6/v1, loadBalancerUrlConfiguration:Preserve, name:Version 1, stage:Published, state:Running], [alias:v2, application:[href:https://apps.apprenda.heineken/developer/api/v1/apps/uc6], description:null, enableSessionReplication:false, enableSslEnforcement:false, enableStickySessions:true, href:https://apps.apprenda.heineken/developer/api/v1/versions/uc6/v2, loadBalancerUrlConfiguration:Preserve, name:Version v2 - created by Urbancode, stage:Definition, state:Stopped], [alias:v3, application:[href:https://apps.apprenda.heineken/developer/api/v1/apps/uc6], description:null, enableSessionReplication:false, enableSslEnforcement:false, enableStickySessions:true, href:https://apps.apprenda.heineken/developer/api/v1/versions/uc6/v3, loadBalancerUrlConfiguration:Preserve, name:Version v3 - created by Urbancode, stage:Definition, state:Stopped]]
DEBUG: After iteration:  newVerNo: 2 newVerStage: Definition
DEBUG: After iteration:  newVersionRequired: false
DEBUG: After iteration:  newVerNo: 3 newVerStage: Definition
DEBUG: After iteration:  newVersionRequired: false
201
null
200
[messages:[], success:true, title:Upload Results]
200
[sections:[[messages:[], success:true, title:Results], [messages:[[message:Verified valid application status, severity:Information], [message:Verified at least one plan has been defined, severity:Information], [message:Verified the alias for the application, severity:Information], [message:Successfully completed publishing validation, severity:Information]], success:true, title:Validation Results], [messages:[], success:true, title:Metadata Extraction Results], [messages:[[message:Skipped creation of data model since no SQL scripts were found, severity:Information]], success:true, title:Data Model Deployment Results], [messages:[[message:Extracted private UI model., severity:Information], [message:Successfully extracted application metadata, severity:Information]], success:true, title:Metadata Extraction Results], [messages:[[message:Files for uc7--v1 exist and are properly configured., severity:Information], [message:Sites for uc7--v1 exist and are properly configured., severity:Information], [message:Successfully deployed 1 partition., severity:Information]], success:true, title:Ensuring instance counts], [messages:[[message:Created subscriptions for all plans, severity:Information]], success:true, title:Subscriptions], [messages:[[message:Application Tenant Onboarded, severity:Information]], success:true, title:Configuring Application Tenant]], success:true]
200
[sections:[[messages:[], success:true, title:Results], [messages:[[message:Verified valid application status, severity:Information], [message:Verified at least one plan has been defined, severity:Information], [message:Verified the alias for the application, severity:Information], [message:Successfully completed publishing validation, severity:Information]], success:true, title:Validation Results], [messages:[[message:All sites and AppPools for uc7--v1 have been removed., severity:Information], [message:Meta data describing your version has been purged successfully., severity:Information], [message:The data model was purged successfully., severity:Information], [message:Auxilliary support components were successfully removed., severity:Information]], success:true, title:Results of Cleaning Up Published Instance], [messages:[], success:true, title:Metadata Extraction Results], [messages:[[message:Skipped creation of data model since no SQL scripts were found, severity:Information]], success:true, title:Data Model Deployment Results], [messages:[[message:Extracted private UI model., severity:Information], [message:Successfully extracted application metadata, severity:Information]], success:true, title:Metadata Extraction Results], [messages:[[message:Files for uc7 exist and are properly configured., severity:Information], [message:Sites for uc7 exist and are properly configured., severity:Information], [message:Successfully deployed 1 partition., severity:Information]], success:true, title:Ensuring instance counts], [messages:[[message:Successfully created application tenant, severity:Information], [message:Application Tenant Onboarded, severity:Information]], success:true, title:Configuring Application Tenant]], success:true]
DEBUG: newVersion status code: 201
DEBUG: newVersion response data: null
200
[messages:[], success:true, title:Upload Results]
200
[sections:[[messages:[], success:true, title:Results], [messages:[[message:Verified valid application status, severity:Information], [message:Verified at least one plan has been defined, severity:Information], [message:Verified the alias for the application, severity:Information], [message:Successfully completed publishing validation, severity:Information]], success:true, title:Validation Results], [messages:[], success:true, title:Patch Promotion Results], [messages:[], success:true, title:Metadata Extraction Results], [messages:[[message:Skipped creation of data model since no SQL scripts were found, severity:Information]], success:true, title:Data Model Deployment Results], [messages:[[message:Extracted private UI model., severity:Information], [message:Successfully extracted application metadata, severity:Information]], success:true, title:Metadata Extraction Results], [messages:[[message:Files for uc7--v2 exist and are properly configured., severity:Information], [message:Sites for uc7--v2 exist and are properly configured., severity:Information], [message:Successfully deployed 1 partition., severity:Information]], success:true, title:Ensuring instance counts], [messages:[[message:Created subscriptions for all plans, severity:Information]], success:true, title:Subscriptions], [messages:[[message:Application Tenant Onboarded, severity:Information]], success:true, title:Configuring Application Tenant]], success:true]
DEBUG: newVersion status code: 201
DEBUG: newVersion response data: null
[alias:uc7, allocatedStorageMb:0, applicationServices:None, cloud:null, currentVersion:[alias:v1, application:[href:https://apps.apprenda.heineken/developer/api/v1/apps/uc7], description:null, enableSessionReplication:null, enableSslEnforcement:null, enableStickySessions:null, href:https://apps.apprenda.heineken/developer/api/v1/versions/uc7/v1, loadBalancerUrlConfiguration:null, name:Version 1, stage:Published, state:Running], customAuthenticationStyleUrl:null, customInvoiceStyleUrl:null, customUrl:null, databaseModelType:Isolated, databaseProvider:SqlServer, dbAllocatedCpuMhz:0, dbAllocatedMemoryMb:0, description:Created by Apprenda|UrbanCode Deploy, href:https://apps.apprenda.heineken/developer/api/v1/apps/uc7, linuxServiceAllocatedCpuMhz:0, linuxServiceAllocatedMemoryMb:0, name:uc7, paymentOptions:Automatic, pipelineMode:Integrated, svcAllocatedCpuMhz:0, svcAllocatedMemoryMb:0, uiAllocatedCpuMhz:500, uiAllocatedMemoryMb:600, userInterfaceType:CommingledRootApp, versions:[href:https://apps.apprenda.heineken/developer/api/v1/versions/uc7], warAllocatedCpuMhz:0, warAllocatedMemoryMb:0]
DEBUG: oldVerNo: 1 newVerNo: 1
[[alias:v2, application:[href:https://apps.apprenda.heineken/developer/api/v1/apps/uc7], description:null, enableSessionReplication:false, enableSslEnforcement:false, enableStickySessions:true, href:https://apps.apprenda.heineken/developer/api/v1/versions/uc7/v2, loadBalancerUrlConfiguration:Preserve, name:Version v2 - created by Urbancode, stage:Sandbox, state:Running], [alias:v1, application:[href:https://apps.apprenda.heineken/developer/api/v1/apps/uc7], description:null, enableSessionReplication:false, enableSslEnforcement:false, enableStickySessions:true, href:https://apps.apprenda.heineken/developer/api/v1/versions/uc7/v1, loadBalancerUrlConfiguration:Preserve, name:Version 1, stage:Published, state:Running], [alias:v3, application:[href:https://apps.apprenda.heineken/developer/api/v1/apps/uc7], description:null, enableSessionReplication:false, enableSslEnforcement:false, enableStickySessions:true, href:https://apps.apprenda.heineken/developer/api/v1/versions/uc7/v3, loadBalancerUrlConfiguration:Preserve, name:Version v3 - created by Urbancode, stage:Definition, state:Stopped]]
DEBUG: After iteration:  newVerNo: 2 newVerStage: Sandbox
DEBUG: After iteration:  newVersionRequired: false
DEBUG: After iteration:  newVerNo: 3 newVerStage: Definition
DEBUG: After iteration:  newVersionRequired: false
201
null
200
[messages:[], success:true, title:Upload Results]
200
[sections:[[messages:[], success:true, title:Results], [messages:[[message:Verified valid application status, severity:Information], [message:Verified at least one plan has been defined, severity:Information], [message:Verified the alias for the application, severity:Information], [message:Successfully completed publishing validation, severity:Information]], success:true, title:Validation Results], [messages:[], success:true, title:Metadata Extraction Results], [messages:[[message:Skipped creation of data model since no SQL scripts were found, severity:Information]], success:true, title:Data Model Deployment Results], [messages:[[message:Extracted private UI model., severity:Information], [message:Successfully extracted application metadata, severity:Information]], success:true, title:Metadata Extraction Results], [messages:[[message:Files for uc8--v1 exist and are properly configured., severity:Information], [message:Sites for uc8--v1 exist and are properly configured., severity:Information], [message:Successfully deployed 1 partition., severity:Information]], success:true, title:Ensuring instance counts], [messages:[[message:Created subscriptions for all plans, severity:Information]], success:true, title:Subscriptions], [messages:[[message:Application Tenant Onboarded, severity:Information]], success:true, title:Configuring Application Tenant]], success:true]
200
[sections:[[messages:[], success:true, title:Results], [messages:[[message:Verified valid application status, severity:Information], [message:Verified at least one plan has been defined, severity:Information], [message:Verified the alias for the application, severity:Information], [message:Successfully completed publishing validation, severity:Information]], success:true, title:Validation Results], [messages:[[message:All sites and AppPools for uc8--v1 have been removed., severity:Information], [message:Meta data describing your version has been purged successfully., severity:Information], [message:The data model was purged successfully., severity:Information], [message:Auxilliary support components were successfully removed., severity:Information]], success:true, title:Results of Cleaning Up Published Instance], [messages:[], success:true, title:Metadata Extraction Results], [messages:[[message:Skipped creation of data model since no SQL scripts were found, severity:Information]], success:true, title:Data Model Deployment Results], [messages:[[message:Extracted private UI model., severity:Information], [message:Successfully extracted application metadata, severity:Information]], success:true, title:Metadata Extraction Results], [messages:[[message:Files for uc8 exist and are properly configured., severity:Information], [message:Sites for uc8 exist and are properly configured., severity:Information], [message:Successfully deployed 1 partition., severity:Information]], success:true, title:Ensuring instance counts], [messages:[[message:Successfully created application tenant, severity:Information], [message:Application Tenant Onboarded, severity:Information]], success:true, title:Configuring Application Tenant]], success:true]
DEBUG: newVersion status code: 201
DEBUG: newVersion response data: null
200
[messages:[], success:true, title:Upload Results]
200
[sections:[[messages:[], success:true, title:Results], [messages:[[message:Verified valid application status, severity:Information], [message:Verified at least one plan has been defined, severity:Information], [message:Verified the alias for the application, severity:Information], [message:Successfully completed publishing validation, severity:Information]], success:true, title:Validation Results], [messages:[], success:true, title:Patch Promotion Results], [messages:[], success:true, title:Metadata Extraction Results], [messages:[[message:Skipped creation of data model since no SQL scripts were found, severity:Information]], success:true, title:Data Model Deployment Results], [messages:[[message:Extracted private UI model., severity:Information], [message:Successfully extracted application metadata, severity:Information]], success:true, title:Metadata Extraction Results], [messages:[[message:Files for uc8--v2 exist and are properly configured., severity:Information], [message:Sites for uc8--v2 exist and are properly configured., severity:Information], [message:Successfully deployed 1 partition., severity:Information]], success:true, title:Ensuring instance counts], [messages:[[message:Created subscriptions for all plans, severity:Information]], success:true, title:Subscriptions], [messages:[[message:Application Tenant Onboarded, severity:Information]], success:true, title:Configuring Application Tenant]], success:true]
DEBUG: newVersion status code: 201
DEBUG: newVersion response data: null
200
[messages:[], success:true, title:Upload Results]
200
[sections:[[messages:[], success:true, title:Results], [messages:[[message:Verified valid application status, severity:Information], [message:Verified at least one plan has been defined, severity:Information], [message:Verified the alias for the application, severity:Information], [message:Successfully completed publishing validation, severity:Information]], success:true, title:Validation Results], [messages:[], success:true, title:Patch Promotion Results], [messages:[], success:true, title:Metadata Extraction Results], [messages:[[message:Skipped creation of data model since no SQL scripts were found, severity:Information]], success:true, title:Data Model Deployment Results], [messages:[[message:Extracted private UI model., severity:Information], [message:Successfully extracted application metadata, severity:Information]], success:true, title:Metadata Extraction Results], [messages:[[message:Files for uc8--v3 exist and are properly configured., severity:Information], [message:Sites for uc8--v3 exist and are properly configured., severity:Information], [message:Successfully deployed 1 partition., severity:Information]], success:true, title:Ensuring instance counts], [messages:[[message:Created subscriptions for all plans, severity:Information]], success:true, title:Subscriptions], [messages:[[message:Application Tenant Onboarded, severity:Information]], success:true, title:Configuring Application Tenant]], success:true]
[alias:uc8, allocatedStorageMb:0, applicationServices:None, cloud:null, currentVersion:[alias:v1, application:[href:https://apps.apprenda.heineken/developer/api/v1/apps/uc8], description:null, enableSessionReplication:null, enableSslEnforcement:null, enableStickySessions:null, href:https://apps.apprenda.heineken/developer/api/v1/versions/uc8/v1, loadBalancerUrlConfiguration:null, name:Version 1, stage:Published, state:Running], customAuthenticationStyleUrl:null, customInvoiceStyleUrl:null, customUrl:null, databaseModelType:Isolated, databaseProvider:SqlServer, dbAllocatedCpuMhz:0, dbAllocatedMemoryMb:0, description:Created by Apprenda|UrbanCode Deploy, href:https://apps.apprenda.heineken/developer/api/v1/apps/uc8, linuxServiceAllocatedCpuMhz:0, linuxServiceAllocatedMemoryMb:0, name:uc8, paymentOptions:Automatic, pipelineMode:Integrated, svcAllocatedCpuMhz:0, svcAllocatedMemoryMb:0, uiAllocatedCpuMhz:750, uiAllocatedMemoryMb:900, userInterfaceType:CommingledRootApp, versions:[href:https://apps.apprenda.heineken/developer/api/v1/versions/uc8], warAllocatedCpuMhz:0, warAllocatedMemoryMb:0]
DEBUG: oldVerNo: 1 newVerNo: 1
[[alias:v3, application:[href:https://apps.apprenda.heineken/developer/api/v1/apps/uc8], description:null, enableSessionReplication:false, enableSslEnforcement:false, enableStickySessions:true, href:https://apps.apprenda.heineken/developer/api/v1/versions/uc8/v3, loadBalancerUrlConfiguration:Preserve, name:Version v3 - created by Urbancode, stage:Sandbox, state:Running], [alias:v2, application:[href:https://apps.apprenda.heineken/developer/api/v1/apps/uc8], description:null, enableSessionReplication:false, enableSslEnforcement:false, enableStickySessions:true, href:https://apps.apprenda.heineken/developer/api/v1/versions/uc8/v2, loadBalancerUrlConfiguration:Preserve, name:Version v2 - created by Urbancode, stage:Sandbox, state:Running], [alias:v1, application:[href:https://apps.apprenda.heineken/developer/api/v1/apps/uc8], description:null, enableSessionReplication:false, enableSslEnforcement:false, enableStickySessions:true, href:https://apps.apprenda.heineken/developer/api/v1/versions/uc8/v1, loadBalancerUrlConfiguration:Preserve, name:Version 1, stage:Published, state:Running]]
DEBUG: After iteration:  newVerNo: 3 newVerStage: Sandbox
DEBUG: After iteration:  newVersionRequired: false
]]></system-out>
  <system-err><![CDATA[]]></system-err>
</testsuite>
